Loaded dependency [gcc/6.3.0]: binutils/2.29
Loaded module: gcc/6.3.0

Loading gcc/6.3.0
  Loading requirement: binutils/2.29

------------------------------------------------------------
Sender: LSF System <lsfadmin@hpc.dtu.dk>
Subject: Job 11979184: <blkperf> in cluster <dcc> Done

Job <blkperf> was submitted from host <n-62-27-21> by user <s174516> in cluster <dcc> at Thu Jan  6 15:59:00 2022
Job was executed on host(s) <n-62-21-77>, in queue <hpcintro>, as user <s174516> in cluster <dcc> at Thu Jan  6 15:59:06 2022
</zhome/fa/5/127129> was used as the home directory.
</zhome/fa/5/127129/HPC/assignment1> was used as the working directory.
Started at Thu Jan  6 15:59:06 2022
Terminated at Thu Jan  6 16:01:12 2022
Results reported at Thu Jan  6 16:01:12 2022

Your job looked like:

------------------------------------------------------------
# LSBATCH: User input
#!/bin/bash
# 02614 - High-Performance Computing, January 2022
# 
# batch script to run matmult on a decidated server in the hpcintro
# queue
#
# Author: Bernd Dammann <bd@cc.dtu.dk>
#
#BSUB -J blkperf
#BSUB -q hpcintro
#BSUB -n 1
#BSUB -R "rusage[mem=2048]"
#BSUB -W 15
# uncomment the following line, if you want to assure that your job has
# a whole CPU for itself (shared L3 cache)
#BSUB -R "span[hosts=1] affinity[socket(1)]"
module load gcc
# define the driver name to use
# valid values: matmult_c.studio, matmult_f.studio, matmult_c.gcc or
# matmult_f.gcc
#
EXECUTABLE=matmult_c.gcc

# define the mkn values in the MKN variable
#
SIZES="9 12 18 25 36 51 73 103 146 206 292 413 584 826 1168 1652 2336 3304"

# define the permutation type in PERM
#
PERM="blk"

# uncomment and set a reasonable BLKSIZE for the blk version
#
BLKSIZE=7

# enable(1)/disable(0) result checking
export MATMULT_COMPARE=0
export MATMULT_RESULTS=0

/bin/rm -f blk.dat

# start the collect command with the above settings
for S in $SIZES
do
    ./$EXECUTABLE $PERM $S $S $S $BLKSIZE | grep -v CPU >> blk.dat
done

------------------------------------------------------------

Successfully completed.

Resource usage summary:

    CPU time :                                   126.14 sec.
    Max Memory :                                 4 MB
    Average Memory :                             4.00 MB
    Total Requested Memory :                     2048.00 MB
    Delta Memory :                               2044.00 MB
    Max Swap :                                   -
    Max Processes :                              5
    Max Threads :                                6
    Run time :                                   129 sec.
    Turnaround time :                            132 sec.

The output (if any) is above this job summary.

