/zhome/fa/5/127129/.lsbatch/1641386416.11936550.shell: line 43: ./matmult_c.gcc: Permission denied
/zhome/fa/5/127129/.lsbatch/1641386416.11936550.shell: line 43: ./matmult_c.gcc: Permission denied
/zhome/fa/5/127129/.lsbatch/1641386416.11936550.shell: line 43: ./matmult_c.gcc: Permission denied

------------------------------------------------------------
Sender: LSF System <lsfadmin@hpc.dtu.dk>
Subject: Job 11936550: <mm_batch> in cluster <dcc> Exited

Job <mm_batch> was submitted from host <hpclogin2> by user <s174516> in cluster <dcc> at Wed Jan  5 13:40:16 2022
Job was executed on host(s) <n-62-21-74>, in queue <hpcintro>, as user <s174516> in cluster <dcc> at Wed Jan  5 13:40:17 2022
</zhome/fa/5/127129> was used as the home directory.
</zhome/fa/5/127129/HPC/Assignment1> was used as the working directory.
Started at Wed Jan  5 13:40:17 2022
Terminated at Wed Jan  5 13:40:18 2022
Results reported at Wed Jan  5 13:40:18 2022

Your job looked like:

------------------------------------------------------------
# LSBATCH: User input
#!/bin/bash
# 02614 - High-Performance Computing, January 2022
# 
# batch script to run matmult on a decidated server in the hpcintro
# queue
#
# Author: Bernd Dammann <bd@cc.dtu.dk>
#
#BSUB -J mm_batch
#BSUB -o mm_batch_%J.out
#BSUB -q hpcintro
#BSUB -n 1
#BSUB -R "rusage[mem=2048]"
#BSUB -W 15
# uncomment the following line, if you want to assure that your job has
# a whole CPU for itself (shared L3 cache)
#BSUB -R "span[hosts=1] affinity[socket(1)]"

# define the driver name to use
# valid values: matmult_c.studio, matmult_f.studio, matmult_c.gcc or
# matmult_f.gcc
#
EXECUTABLE=matmult_c.gcc

# define the mkn values in the MKN variable
#
SIZES="100 200 500"

# define the permutation type in PERM
#
PERM="mkn"

# uncomment and set a reasonable BLKSIZE for the blk version
#
# BLKSIZE=1

# enable(1)/disable(0) result checking
export MATMULT_COMPARE=0

# start the collect command with the above settings
for S in $SIZES
do
    ./$EXECUTABLE $PERM $S $S $S $BLKSIZE
done

------------------------------------------------------------

Exited with exit code 126.

Resource usage summary:

    CPU time :                                   0.34 sec.
    Max Memory :                                 -
    Average Memory :                             -
    Total Requested Memory :                     2048.00 MB
    Delta Memory :                               -
    Max Swap :                                   -
    Max Processes :                              -
    Max Threads :                                -
    Run time :                                   1 sec.
    Turnaround time :                            2 sec.

The output (if any) is above this job summary.

