Loaded dependency [gcc/6.3.0]: binutils/2.29
Loaded module: gcc/6.3.0

Loading gcc/6.3.0
  Loading requirement: binutils/2.29

------------------------------------------------------------
Sender: LSF System <lsfadmin@hpc.dtu.dk>
Subject: Job 11978627: <blksize> in cluster <dcc> Done

Job <blksize> was submitted from host <n-62-27-21> by user <s174516> in cluster <dcc> at Thu Jan  6 15:39:56 2022
Job was executed on host(s) <n-62-21-77>, in queue <hpcintro>, as user <s174516> in cluster <dcc> at Thu Jan  6 15:41:02 2022
</zhome/fa/5/127129> was used as the home directory.
</zhome/fa/5/127129/HPC/assignment1> was used as the working directory.
Started at Thu Jan  6 15:41:02 2022
Terminated at Thu Jan  6 15:41:51 2022
Results reported at Thu Jan  6 15:41:51 2022

Your job looked like:

------------------------------------------------------------
# LSBATCH: User input
#!/bin/bash
# 02614 - High-Performance Computing, January 2022
# 
# batch script to run matmult on a decidated server in the hpcintro
# queue
#
# Author: Bernd Dammann <bd@cc.dtu.dk>
#
#BSUB -J blksize
#BSUB -o mm_batch_%J.out
#BSUB -q hpcintro
#BSUB -n 1
#BSUB -R "rusage[mem=2048]"
#BSUB -W 15
# uncomment the following line, if you want to assure that your job has
# a whole CPU for itself (shared L3 cache)
#BSUB -R "span[hosts=1] affinity[socket(1)]"
module load gcc
# define the driver name to use
# valid values: matmult_c.studio, matmult_f.studio, matmult_c.gcc or
# matmult_f.gcc
#
EXECUTABLE=matmult_c.gcc

# define the mkn values in the MKN variable
#
SIZES=250

# define the permutation type in PERM
#
PERM="blk"

# uncomment and set a reasonable BLKSIZE for the blk version
#
BLKSIZE="5 6 7 8 9 10 11 12 13 14 15 16 17 18 19 20"

# enable(1)/disable(0) result checking
export MATMULT_COMPARE=0
export MATMULT_RESULTS=0

/bin/rm -f blk.dat

# start the collect command with the above settings
for BS in $BLKSIZE
do
    ./$EXECUTABLE $PERM $SIZES $SIZES $SIZES $BS | grep -v CPU >> blk.dat
done

------------------------------------------------------------

Successfully completed.

Resource usage summary:

    CPU time :                                   48.68 sec.
    Max Memory :                                 6 MB
    Average Memory :                             6.00 MB
    Total Requested Memory :                     2048.00 MB
    Delta Memory :                               2042.00 MB
    Max Swap :                                   -
    Max Processes :                              5
    Max Threads :                                6
    Run time :                                   49 sec.
    Turnaround time :                            115 sec.

The output (if any) is above this job summary.

